mode: set
github.com/eltoncasacio/vantracking/internal/domain/passenger/factory/passenger.factory.go:16.43,17.21 1 1
github.com/eltoncasacio/vantracking/internal/domain/passenger/factory/passenger.factory.go:17.21,20.22 3 1
github.com/eltoncasacio/vantracking/internal/domain/passenger/factory/passenger.factory.go:20.22,22.4 1 1
github.com/eltoncasacio/vantracking/internal/domain/passenger/factory/passenger.factory.go:24.2,24.17 1 1
github.com/eltoncasacio/vantracking/internal/domain/passenger/factory/passenger.factory.go:27.92,29.16 2 1
github.com/eltoncasacio/vantracking/internal/domain/passenger/factory/passenger.factory.go:29.16,31.3 1 1
github.com/eltoncasacio/vantracking/internal/domain/passenger/factory/passenger.factory.go:32.2,37.16 2 1
github.com/eltoncasacio/vantracking/internal/domain/passenger/factory/passenger.factory.go:37.16,39.3 1 1
github.com/eltoncasacio/vantracking/internal/domain/passenger/factory/passenger.factory.go:40.2,40.15 1 1
github.com/eltoncasacio/vantracking/internal/domain/passenger/factory/passenger.factory.go:43.85,45.16 2 1
github.com/eltoncasacio/vantracking/internal/domain/passenger/factory/passenger.factory.go:45.16,47.3 1 1
github.com/eltoncasacio/vantracking/internal/domain/passenger/factory/passenger.factory.go:49.2,50.16 2 1
github.com/eltoncasacio/vantracking/internal/domain/passenger/factory/passenger.factory.go:50.16,52.3 1 1
github.com/eltoncasacio/vantracking/internal/domain/passenger/factory/passenger.factory.go:54.2,64.36 2 1
github.com/eltoncasacio/vantracking/internal/domain/passenger/factory/passenger.factory.go:64.36,66.3 1 1
github.com/eltoncasacio/vantracking/internal/domain/passenger/factory/passenger.factory.go:67.2,67.16 1 1
