mode: set
github.com/eltoncasacio/vantracking/internal/domain/passenger/entity/passenger.go:20.86,32.16 3 1
github.com/eltoncasacio/vantracking/internal/domain/passenger/entity/passenger.go:32.16,34.3 1 1
github.com/eltoncasacio/vantracking/internal/domain/passenger/entity/passenger.go:35.2,35.15 1 1
github.com/eltoncasacio/vantracking/internal/domain/passenger/entity/passenger.go:38.37,39.18 1 1
github.com/eltoncasacio/vantracking/internal/domain/passenger/entity/passenger.go:39.18,41.3 1 1
github.com/eltoncasacio/vantracking/internal/domain/passenger/entity/passenger.go:42.2,42.23 1 1
github.com/eltoncasacio/vantracking/internal/domain/passenger/entity/passenger.go:42.23,44.3 1 1
github.com/eltoncasacio/vantracking/internal/domain/passenger/entity/passenger.go:45.2,45.12 1 1
github.com/eltoncasacio/vantracking/internal/domain/passenger/entity/passenger.go:48.48,49.16 1 1
github.com/eltoncasacio/vantracking/internal/domain/passenger/entity/passenger.go:49.16,51.3 1 1
github.com/eltoncasacio/vantracking/internal/domain/passenger/entity/passenger.go:52.2,53.12 2 1
github.com/eltoncasacio/vantracking/internal/domain/passenger/entity/passenger.go:56.50,58.2 1 1
github.com/eltoncasacio/vantracking/internal/domain/passenger/entity/passenger.go:60.58,61.33 1 1
github.com/eltoncasacio/vantracking/internal/domain/passenger/entity/passenger.go:61.33,63.3 1 1
github.com/eltoncasacio/vantracking/internal/domain/passenger/entity/passenger.go:64.2,65.12 2 1
github.com/eltoncasacio/vantracking/internal/domain/passenger/entity/passenger.go:68.56,71.2 2 1
github.com/eltoncasacio/vantracking/internal/domain/passenger/entity/passenger.go:73.48,75.2 1 1
github.com/eltoncasacio/vantracking/internal/domain/passenger/entity/passenger.go:77.53,79.2 1 1
