mode: set
github.com/eltoncasacio/vantracking/internal/infrastructure/driver/repository/mysql/driver.repository.go:15.56,17.2 1 1
github.com/eltoncasacio/vantracking/internal/infrastructure/driver/repository/mysql/driver.repository.go:19.64,20.41 1 1
github.com/eltoncasacio/vantracking/internal/infrastructure/driver/repository/mysql/driver.repository.go:20.41,22.3 1 1
github.com/eltoncasacio/vantracking/internal/infrastructure/driver/repository/mysql/driver.repository.go:23.2,25.16 3 1
github.com/eltoncasacio/vantracking/internal/infrastructure/driver/repository/mysql/driver.repository.go:25.16,27.3 1 1
github.com/eltoncasacio/vantracking/internal/infrastructure/driver/repository/mysql/driver.repository.go:28.2,44.16 4 1
github.com/eltoncasacio/vantracking/internal/infrastructure/driver/repository/mysql/driver.repository.go:44.16,46.3 1 0
github.com/eltoncasacio/vantracking/internal/infrastructure/driver/repository/mysql/driver.repository.go:47.2,47.12 1 1
github.com/eltoncasacio/vantracking/internal/infrastructure/driver/repository/mysql/driver.repository.go:50.72,51.14 1 1
github.com/eltoncasacio/vantracking/internal/infrastructure/driver/repository/mysql/driver.repository.go:51.14,53.3 1 1
github.com/eltoncasacio/vantracking/internal/infrastructure/driver/repository/mysql/driver.repository.go:55.2,56.16 2 0
github.com/eltoncasacio/vantracking/internal/infrastructure/driver/repository/mysql/driver.repository.go:56.16,58.3 1 0
github.com/eltoncasacio/vantracking/internal/infrastructure/driver/repository/mysql/driver.repository.go:59.2,75.16 4 0
github.com/eltoncasacio/vantracking/internal/infrastructure/driver/repository/mysql/driver.repository.go:75.16,77.3 1 0
github.com/eltoncasacio/vantracking/internal/infrastructure/driver/repository/mysql/driver.repository.go:79.2,92.16 3 0
github.com/eltoncasacio/vantracking/internal/infrastructure/driver/repository/mysql/driver.repository.go:92.16,94.3 1 0
github.com/eltoncasacio/vantracking/internal/infrastructure/driver/repository/mysql/driver.repository.go:96.2,96.20 1 0
github.com/eltoncasacio/vantracking/internal/infrastructure/driver/repository/mysql/driver.repository.go:99.64,100.41 1 1
github.com/eltoncasacio/vantracking/internal/infrastructure/driver/repository/mysql/driver.repository.go:100.41,102.3 1 1
github.com/eltoncasacio/vantracking/internal/infrastructure/driver/repository/mysql/driver.repository.go:103.2,105.16 3 0
github.com/eltoncasacio/vantracking/internal/infrastructure/driver/repository/mysql/driver.repository.go:105.16,107.3 1 0
github.com/eltoncasacio/vantracking/internal/infrastructure/driver/repository/mysql/driver.repository.go:108.2,124.16 4 0
github.com/eltoncasacio/vantracking/internal/infrastructure/driver/repository/mysql/driver.repository.go:124.16,126.3 1 0
github.com/eltoncasacio/vantracking/internal/infrastructure/driver/repository/mysql/driver.repository.go:127.2,127.12 1 0
github.com/eltoncasacio/vantracking/internal/infrastructure/driver/repository/mysql/driver.repository.go:130.52,132.16 2 0
github.com/eltoncasacio/vantracking/internal/infrastructure/driver/repository/mysql/driver.repository.go:132.16,134.3 1 0
github.com/eltoncasacio/vantracking/internal/infrastructure/driver/repository/mysql/driver.repository.go:135.2,137.16 3 0
github.com/eltoncasacio/vantracking/internal/infrastructure/driver/repository/mysql/driver.repository.go:137.16,139.3 1 0
github.com/eltoncasacio/vantracking/internal/infrastructure/driver/repository/mysql/driver.repository.go:140.2,140.12 1 0
github.com/eltoncasacio/vantracking/internal/infrastructure/driver/repository/mysql/driver.repository.go:143.63,145.16 2 1
github.com/eltoncasacio/vantracking/internal/infrastructure/driver/repository/mysql/driver.repository.go:145.16,147.3 1 1
github.com/eltoncasacio/vantracking/internal/infrastructure/driver/repository/mysql/driver.repository.go:148.2,151.18 3 0
github.com/eltoncasacio/vantracking/internal/infrastructure/driver/repository/mysql/driver.repository.go:151.18,166.17 3 0
github.com/eltoncasacio/vantracking/internal/infrastructure/driver/repository/mysql/driver.repository.go:166.17,168.4 1 0
github.com/eltoncasacio/vantracking/internal/infrastructure/driver/repository/mysql/driver.repository.go:170.3,182.17 3 0
github.com/eltoncasacio/vantracking/internal/infrastructure/driver/repository/mysql/driver.repository.go:182.17,184.4 1 0
github.com/eltoncasacio/vantracking/internal/infrastructure/driver/repository/mysql/driver.repository.go:186.3,186.32 1 0
github.com/eltoncasacio/vantracking/internal/infrastructure/driver/repository/mysql/driver.repository.go:188.2,188.21 1 0
github.com/eltoncasacio/vantracking/internal/infrastructure/driver/repository/mysql/driver.repository.go:191.74,193.16 2 0
github.com/eltoncasacio/vantracking/internal/infrastructure/driver/repository/mysql/driver.repository.go:193.16,195.3 1 0
github.com/eltoncasacio/vantracking/internal/infrastructure/driver/repository/mysql/driver.repository.go:196.2,212.16 4 0
github.com/eltoncasacio/vantracking/internal/infrastructure/driver/repository/mysql/driver.repository.go:212.16,214.3 1 0
github.com/eltoncasacio/vantracking/internal/infrastructure/driver/repository/mysql/driver.repository.go:216.2,227.16 3 0
github.com/eltoncasacio/vantracking/internal/infrastructure/driver/repository/mysql/driver.repository.go:227.16,229.3 1 0
github.com/eltoncasacio/vantracking/internal/infrastructure/driver/repository/mysql/driver.repository.go:231.2,231.20 1 0
