mode: set
github.com/eltoncasacio/vantracking/internal/domain/driver/factory/driver.factory.go:27.37,28.21 1 1
github.com/eltoncasacio/vantracking/internal/domain/driver/factory/driver.factory.go:28.21,31.22 3 1
github.com/eltoncasacio/vantracking/internal/domain/driver/factory/driver.factory.go:31.22,33.4 1 1
github.com/eltoncasacio/vantracking/internal/domain/driver/factory/driver.factory.go:35.2,35.17 1 1
github.com/eltoncasacio/vantracking/internal/domain/driver/factory/driver.factory.go:38.74,40.16 2 1
github.com/eltoncasacio/vantracking/internal/domain/driver/factory/driver.factory.go:40.16,42.3 1 1
github.com/eltoncasacio/vantracking/internal/domain/driver/factory/driver.factory.go:44.2,45.16 2 1
github.com/eltoncasacio/vantracking/internal/domain/driver/factory/driver.factory.go:45.16,47.3 1 1
github.com/eltoncasacio/vantracking/internal/domain/driver/factory/driver.factory.go:49.2,49.20 1 1
