mode: set
github.com/eltoncasacio/vantracking/internal/domain/monitor/entity/monitor.go:18.86,28.16 3 1
github.com/eltoncasacio/vantracking/internal/domain/monitor/entity/monitor.go:28.16,30.3 1 1
github.com/eltoncasacio/vantracking/internal/domain/monitor/entity/monitor.go:32.2,32.15 1 1
github.com/eltoncasacio/vantracking/internal/domain/monitor/entity/monitor.go:35.35,37.30 2 1
github.com/eltoncasacio/vantracking/internal/domain/monitor/entity/monitor.go:37.30,39.3 1 1
github.com/eltoncasacio/vantracking/internal/domain/monitor/entity/monitor.go:40.2,40.29 1 1
github.com/eltoncasacio/vantracking/internal/domain/monitor/entity/monitor.go:40.29,42.3 1 1
github.com/eltoncasacio/vantracking/internal/domain/monitor/entity/monitor.go:43.2,43.37 1 1
github.com/eltoncasacio/vantracking/internal/domain/monitor/entity/monitor.go:43.37,45.3 1 1
github.com/eltoncasacio/vantracking/internal/domain/monitor/entity/monitor.go:46.2,46.44 1 1
github.com/eltoncasacio/vantracking/internal/domain/monitor/entity/monitor.go:46.44,48.3 1 1
github.com/eltoncasacio/vantracking/internal/domain/monitor/entity/monitor.go:49.2,49.13 1 1
