mode: set
github.com/eltoncasacio/vantracking/internal/domain/monitor/entity/monitor.go:20.118,31.16 3 1
github.com/eltoncasacio/vantracking/internal/domain/monitor/entity/monitor.go:31.16,33.3 1 1
github.com/eltoncasacio/vantracking/internal/domain/monitor/entity/monitor.go:35.2,35.15 1 1
github.com/eltoncasacio/vantracking/internal/domain/monitor/entity/monitor.go:38.35,40.35 2 1
github.com/eltoncasacio/vantracking/internal/domain/monitor/entity/monitor.go:40.35,42.3 1 1
github.com/eltoncasacio/vantracking/internal/domain/monitor/entity/monitor.go:43.2,43.34 1 1
github.com/eltoncasacio/vantracking/internal/domain/monitor/entity/monitor.go:43.34,45.3 1 1
github.com/eltoncasacio/vantracking/internal/domain/monitor/entity/monitor.go:46.2,46.42 1 1
github.com/eltoncasacio/vantracking/internal/domain/monitor/entity/monitor.go:46.42,48.3 1 1
github.com/eltoncasacio/vantracking/internal/domain/monitor/entity/monitor.go:49.2,49.44 1 1
github.com/eltoncasacio/vantracking/internal/domain/monitor/entity/monitor.go:49.44,51.3 1 1
github.com/eltoncasacio/vantracking/internal/domain/monitor/entity/monitor.go:52.2,52.13 1 1
github.com/eltoncasacio/vantracking/internal/domain/monitor/entity/monitor.go:55.39,57.2 1 1
github.com/eltoncasacio/vantracking/internal/domain/monitor/entity/monitor.go:59.36,61.2 1 1
github.com/eltoncasacio/vantracking/internal/domain/monitor/entity/monitor.go:63.35,65.2 1 1
github.com/eltoncasacio/vantracking/internal/domain/monitor/entity/monitor.go:67.43,69.2 1 1
github.com/eltoncasacio/vantracking/internal/domain/monitor/entity/monitor.go:71.43,73.2 1 1
github.com/eltoncasacio/vantracking/internal/domain/monitor/entity/monitor.go:75.55,77.2 1 1
github.com/eltoncasacio/vantracking/internal/domain/monitor/entity/monitor.go:79.67,80.44 1 1
github.com/eltoncasacio/vantracking/internal/domain/monitor/entity/monitor.go:80.44,82.3 1 1
github.com/eltoncasacio/vantracking/internal/domain/monitor/entity/monitor.go:83.2,84.12 2 1
