mode: set
github.com/eltoncasacio/vantracking/internal/domain/driver/entity/driver.go:19.78,29.16 3 1
github.com/eltoncasacio/vantracking/internal/domain/driver/entity/driver.go:29.16,31.3 1 1
github.com/eltoncasacio/vantracking/internal/domain/driver/entity/driver.go:33.2,33.15 1 1
github.com/eltoncasacio/vantracking/internal/domain/driver/entity/driver.go:36.34,37.29 1 1
github.com/eltoncasacio/vantracking/internal/domain/driver/entity/driver.go:37.29,39.3 1 1
github.com/eltoncasacio/vantracking/internal/domain/driver/entity/driver.go:40.2,40.30 1 1
github.com/eltoncasacio/vantracking/internal/domain/driver/entity/driver.go:40.30,42.3 1 1
github.com/eltoncasacio/vantracking/internal/domain/driver/entity/driver.go:43.2,43.44 1 1
github.com/eltoncasacio/vantracking/internal/domain/driver/entity/driver.go:43.44,45.3 1 1
github.com/eltoncasacio/vantracking/internal/domain/driver/entity/driver.go:46.2,46.31 1 1
github.com/eltoncasacio/vantracking/internal/domain/driver/entity/driver.go:46.31,48.3 1 1
github.com/eltoncasacio/vantracking/internal/domain/driver/entity/driver.go:49.2,49.12 1 1
github.com/eltoncasacio/vantracking/internal/domain/driver/entity/driver.go:52.48,53.16 1 1
github.com/eltoncasacio/vantracking/internal/domain/driver/entity/driver.go:53.16,55.3 1 1
github.com/eltoncasacio/vantracking/internal/domain/driver/entity/driver.go:56.2,57.12 2 1
github.com/eltoncasacio/vantracking/internal/domain/driver/entity/driver.go:60.50,62.2 1 1
github.com/eltoncasacio/vantracking/internal/domain/driver/entity/driver.go:64.46,65.15 1 1
github.com/eltoncasacio/vantracking/internal/domain/driver/entity/driver.go:65.15,67.3 1 1
github.com/eltoncasacio/vantracking/internal/domain/driver/entity/driver.go:68.2,69.12 2 1
github.com/eltoncasacio/vantracking/internal/domain/driver/entity/driver.go:72.50,73.17 1 1
github.com/eltoncasacio/vantracking/internal/domain/driver/entity/driver.go:73.17,75.3 1 1
github.com/eltoncasacio/vantracking/internal/domain/driver/entity/driver.go:76.2,77.12 2 1
github.com/eltoncasacio/vantracking/internal/domain/driver/entity/driver.go:80.58,81.42 1 1
github.com/eltoncasacio/vantracking/internal/domain/driver/entity/driver.go:81.42,83.3 1 1
github.com/eltoncasacio/vantracking/internal/domain/driver/entity/driver.go:84.2,85.12 2 1
