mode: set
github.com/eltoncasacio/vantracking/internal/domain/driver/entity/driver.go:21.88,32.16 3 1
github.com/eltoncasacio/vantracking/internal/domain/driver/entity/driver.go:32.16,34.3 1 1
github.com/eltoncasacio/vantracking/internal/domain/driver/entity/driver.go:36.2,36.15 1 1
github.com/eltoncasacio/vantracking/internal/domain/driver/entity/driver.go:39.34,40.29 1 1
github.com/eltoncasacio/vantracking/internal/domain/driver/entity/driver.go:40.29,42.3 1 1
github.com/eltoncasacio/vantracking/internal/domain/driver/entity/driver.go:43.2,43.30 1 1
github.com/eltoncasacio/vantracking/internal/domain/driver/entity/driver.go:43.30,45.3 1 1
github.com/eltoncasacio/vantracking/internal/domain/driver/entity/driver.go:46.2,46.44 1 1
github.com/eltoncasacio/vantracking/internal/domain/driver/entity/driver.go:46.44,48.3 1 1
github.com/eltoncasacio/vantracking/internal/domain/driver/entity/driver.go:49.2,49.36 1 1
github.com/eltoncasacio/vantracking/internal/domain/driver/entity/driver.go:49.36,51.3 1 1
github.com/eltoncasacio/vantracking/internal/domain/driver/entity/driver.go:52.2,52.12 1 1
github.com/eltoncasacio/vantracking/internal/domain/driver/entity/driver.go:55.38,57.2 1 1
github.com/eltoncasacio/vantracking/internal/domain/driver/entity/driver.go:59.34,61.2 1 1
github.com/eltoncasacio/vantracking/internal/domain/driver/entity/driver.go:63.35,65.2 1 1
github.com/eltoncasacio/vantracking/internal/domain/driver/entity/driver.go:67.39,69.2 1 1
github.com/eltoncasacio/vantracking/internal/domain/driver/entity/driver.go:71.36,73.2 1 1
github.com/eltoncasacio/vantracking/internal/domain/driver/entity/driver.go:75.42,77.2 1 1
github.com/eltoncasacio/vantracking/internal/domain/driver/entity/driver.go:79.59,80.40 1 1
github.com/eltoncasacio/vantracking/internal/domain/driver/entity/driver.go:80.40,82.3 1 1
github.com/eltoncasacio/vantracking/internal/domain/driver/entity/driver.go:83.2,84.12 2 1
